=== Comedy ===
F, 10, Woody Allen, Annie Hall, 1977
F, 10, Joel Coen, Fargo, 1996
F, 10, John Landis, National Lampoon's Animal House, 1978
F, 10, Gore Verbinski, Pirates of the Caribbean, 2003
F, 10, Nora Ephron, Sleepless in Seattle, 1993
F, 10, Rob Reiner, When Harry Met Sally, 1989
F, 10, Nora Ephron, You've Got Mail, 1998
=== Drama ===
D, 10, Barry Levinson, Good Morning Vietnam, 1988
D, 10, Clint Eastwood, Unforgiven, 1992
D, 10, Gus Van Sant, Good Will Hunting, 2000
D, 10, Jonathan Demme, Silence of the Lambs, 1991
D, 10, Nancy Savoca, Dogfight, 1991
D, 10, Phillippe De Broca, King of Hearts, 1967
D, 10, Steven Spielberg, Schindler's List, 1993
=== Classics ===
C, 10, George Cukor, Holiday, Cary Grant 9 1938
C, 10, George Cukor, Holiday, Katherine Hepburn 9 1938
C, 10, Victor Fleming, Gone With the Wind, Clark Gable 2 1939
C, 10, Victor Fleming, Gone With the Wind, Vivien Leigh 2 1939
C, 10, Victor Fleming, The Wizard of Oz, Judy Garland 7 1939
C, 10, George Cukor, The Philadelphia Story, Cary Grant 5 1940
C, 10, George Cukor, The Philadelphia Story, Katherine Hepburn 5 1940
C, 10, John Huston, The Maltese Falcon, Humphrey Bogart 10 1941
C, 10, Michael Curtiz, Casablanca, Humphrey Bogart 8 1942
C, 10, Michael Curtiz, Casablanca, Ingrid Bergman 8 1942
C, 10, Frank Capra, It's a Wonderful Life, Donna Reed 11 1946
C, 10, Frank Capra, It's a Wonderful Life, James Steward 11 1946
C, 10, Stanley Kubrick, A Clockwork Orange, Malcolm McDowell 2 1971
C, 10, Hal Ashby, Harold and Maude, Ruth Gordon 3 1971
Customer 1000 Mouse, Minnie
  (no transactions)
Customer 5000 Frog, Freddie
  (no transactions)
Customer 8000 Wacky, Wally
  (no transactions)
=== Comedy ===
F, 9, Woody Allen, Annie Hall, 1977
F, 9, Joel Coen, Fargo, 1996
F, 9, John Landis, National Lampoon's Animal House, 1978
F, 10, Gore Verbinski, Pirates of the Caribbean, 2003
F, 9, Nora Ephron, Sleepless in Seattle, 1993
F, 9, Rob Reiner, When Harry Met Sally, 1989
F, 9, Nora Ephron, You've Got Mail, 1998
=== Drama ===
D, 9, Barry Levinson, Good Morning Vietnam, 1988
D, 9, Clint Eastwood, Unforgiven, 1992
D, 9, Gus Van Sant, Good Will Hunting, 2000
D, 9, Jonathan Demme, Silence of the Lambs, 1991
D, 8, Nancy Savoca, Dogfight, 1991
D, 9, Phillippe De Broca, King of Hearts, 1967
D, 9, Steven Spielberg, Schindler's List, 1993
=== Classics ===
C, 9, George Cukor, Holiday, Cary Grant 9 1938
C, 10, George Cukor, Holiday, Katherine Hepburn 9 1938
C, 10, Victor Fleming, Gone With the Wind, Clark Gable 2 1939
C, 10, Victor Fleming, Gone With the Wind, Vivien Leigh 2 1939
C, 10, Victor Fleming, The Wizard of Oz, Judy Garland 7 1939
C, 9, George Cukor, The Philadelphia Story, Cary Grant 5 1940
C, 9, George Cukor, The Philadelphia Story, Katherine Hepburn 5 1940
C, 9, John Huston, The Maltese Falcon, Humphrey Bogart 10 1941
C, 10, Michael Curtiz, Casablanca, Humphrey Bogart 8 1942
C, 10, Michael Curtiz, Casablanca, Ingrid Bergman 8 1942
C, 10, Frank Capra, It's a Wonderful Life, Donna Reed 11 1946
C, 10, Frank Capra, It's a Wonderful Life, James Steward 11 1946
C, 9, Stanley Kubrick, A Clockwork Orange, Malcolm McDowell 2 1971
C, 0, Hal Ashby, Harold and Maude, Ruth Gordon 3 1971
Customer 1000 Mouse, Minnie
  Borrow C [1971-03|Ruth Gordon]
  Borrow C [1940-05|Cary Grant]
  Borrow D [Gus Van Sant|Good Will Hunting]
  Borrow C [1940-05|Katherine Hepburn]
  Borrow D [Barry Levinson|Good Morning Vietnam]
Customer 1111 Mouse, Mickey
  Borrow C [1938-09|Cary Grant]
  Borrow C [1941-10|Humphrey Bogart]
  Borrow C [1971-03|Ruth Gordon]
  Borrow C [1971-02|Malcolm McDowell]
Customer 5000 Frog, Freddie
  Borrow C [1971-03|Ruth Gordon]
  Return C [1971-03|Ruth Gordon]
  Borrow C [1971-03|Ruth Gordon]
  Return C [1971-03|Ruth Gordon]
  Borrow C [1971-03|Ruth Gordon]
  Return C [1971-03|Ruth Gordon]
  Borrow C [1971-03|Ruth Gordon]
Customer 8000 Wacky, Wally
  Borrow F [National Lampoon's Animal House|1978]
  Borrow C [1971-03|Ruth Gordon]
  Borrow C [1971-03|Ruth Gordon]
  Return F [You've Got Mail|1998]
  Borrow F [You've Got Mail|1998]
Customer 8888 Pig, Porky
  Borrow C [1971-03|Ruth Gordon]
  Borrow D [Nancy Savoca|Dogfight]
  Borrow D [Jonathan Demme|Silence of the Lambs]
  Borrow F [When Harry Met Sally|1989]
  Borrow F [Annie Hall|1977]
